Using pre-set license
Built from '2020.3/release' branch; Version is '2020.3.12f1 (b3b2c6512326) revision 11776710'; Using compiler version '192528614'; Build Type 'Release'
OS: 'Windows 10 Home; OS build 19041.1052; Version 2004; 64bit' Language: 'en' Physical Memory: 16145 MB
BatchMode: 1, IsHumanControllingUs: 0, StartBugReporterOnCrash: 0, Is64bit: 1, IsPro: 0

 COMMAND LINE ARGUMENTS:
C:\Program Files\Unity\Hub\Editor\2020.3.12f1\Editor\Unity.exe
-adb2
-batchMode
-noUpm
-name
AssetImportWorker0
-projectPath
C:/Users/miste/Projects/Learnathon/UnityGame/2D Platformer
-logFile
Logs/AssetImportWorker0.log
-srvPort
1049
Successfully changed project path to: C:/Users/miste/Projects/Learnathon/UnityGame/2D Platformer
C:/Users/miste/Projects/Learnathon/UnityGame/2D Platformer
Using Asset Import Pipeline V2.
Refreshing native plugins compatible for Editor in 59.84 ms, found 3 plugins.
Preloading 0 native plugins for Editor in 0.00 ms.
Initialize engine version: 2020.3.12f1 (b3b2c6512326)
[Subsystems] Discovering subsystems at path C:/Program Files/Unity/Hub/Editor/2020.3.12f1/Editor/Data/Resources/UnitySubsystems
[Subsystems] Discovering subsystems at path C:/Users/miste/Projects/Learnathon/UnityGame/2D Platformer/Assets
GfxDevice: creating device client; threaded=0
Direct3D:
    Version:  Direct3D 11.0 [level 11.1]
    Renderer: NVIDIA GeForce RTX 2060 (ID=0x1f15)
    Vendor:   
    VRAM:     5980 MB
    Driver:   30.0.14.7111
Initialize mono
Mono path[0] = 'C:/Program Files/Unity/Hub/Editor/2020.3.12f1/Editor/Data/Managed'
Mono path[1] = 'C:/Program Files/Unity/Hub/Editor/2020.3.12f1/Editor/Data/MonoBleedingEdge/lib/mono/unityjit'
Mono config path = 'C:/Program Files/Unity/Hub/Editor/2020.3.12f1/Editor/Data/MonoBleedingEdge/etc'
Using monoOptions --debugger-agent=transport=dt_socket,embedding=1,server=y,suspend=n,address=127.0.0.1:56860
Begin MonoManager ReloadAssembly
Registering precompiled unity dll's ...
Register platform support module: C:/Program Files/Unity/Hub/Editor/2020.3.12f1/Editor/Data/PlaybackEngines/WindowsStandaloneSupport/UnityEditor.WindowsStandalone.Extensions.dll
Registered in 0.003843 seconds.
Native extension for WindowsStandalone target not found
Refreshing native plugins compatible for Editor in 58.97 ms, found 3 plugins.
Preloading 0 native plugins for Editor in 0.00 ms.
Mono: successfully reloaded assembly
- Completed reload, in  1.922 seconds
Platform modules already initialized, skipping
Registering precompiled user dll's ...
Registered in 0.011167 seconds.
Begin MonoManager ReloadAssembly
Native extension for WindowsStandalone target not found
Refreshing native plugins compatible for Editor in 51.30 ms, found 3 plugins.
Preloading 0 native plugins for Editor in 0.00 ms.
Mono: successfully reloaded assembly
- Completed reload, in  1.141 seconds
Platform modules already initialized, skipping
========================================================================
Worker process is ready to serve import requests
Launched and connected shader compiler UnityShaderCompiler.exe after 0.09 seconds
Refreshing native plugins compatible for Editor in 0.93 ms, found 3 plugins.
Preloading 0 native plugins for Editor in 0.00 ms.
Unloading 2081 Unused Serialized files (Serialized files now loaded: 0)
System memory in use before: 92.8 MB.
System memory in use after: 92.8 MB.

Unloading 33 unused Assets to reduce memory usage. Loaded Objects now: 2514.
Total: 3.781100 ms (FindLiveObjects: 0.296900 ms CreateObjectMapping: 0.119800 ms MarkObjects: 3.182100 ms  DeleteObjects: 0.180400 ms)

AssetImportParameters requested are different than current active one (requested -> active):
  custom:framework-win-MediaFoundation: 216162199b28c13a410421893ffa2e32 -> 
  custom:video-decoder-ogg-theora: a1e56fd34408186e4bbccfd4996cb3dc -> 
  custom:container-muxer-webm: aa71ff27fc2769a1b78a27578f13a17b -> 
  custom:container-demuxer-webm: 4f35f7cbe854078d1ac9338744f61a02 -> 
  custom:container-demuxer-ogg: 62fdf1f143b41e24485cea50d1cbac27 -> 
  custom:video-encoder-webm-vp8: eb34c28f22e8b96e1ab97ce403110664 -> 
  custom:video-codec-MediaFoundation-h265: 746d11721c4dcdbdad8f713fa42b33f4 -> 
  custom:video-decoder-webm-vp8: 9c59270c3fd7afecdb556c50c9e8de78 -> 
  custom:audio-decoder-ogg-vorbis: bf7c407c2cedff20999df2af8eb42d56 -> 
  custom:audio-encoder-webm-vorbis: bf7c407c2cedff20999df2af8eb42d56 -> 
========================================================================
Received Import Request.
  path: Assets/Sunnyland/Scenes
  artifactKey: Guid(5067ec585fac34dd6937038f96d8136d) Importer(815301076,1909f56bfc062723c751e8b465ee728b)
Start importing Assets/Sunnyland/Scenes using Guid(5067ec585fac34dd6937038f96d8136d) Importer(815301076,1909f56bfc062723c751e8b465ee728b)  -> (artifact id: '9caa0f41d75ac5a80a8b12b3d415d091') in 0.011723 seconds 
  Import took 0.017381 seconds .

========================================================================
Received Import Request.
  Time since last request: 2.273697 seconds.
  path: Assets/Sunnyland/artwork/Sprites/Enemies/eagle/eagle-attack-1.png
  artifactKey: Guid(f240dfd4814d34d55a9b033f3c9d8a60) Importer(815301076,1909f56bfc062723c751e8b465ee728b)
Start importing Assets/Sunnyland/artwork/Sprites/Enemies/eagle/eagle-attack-1.png using Guid(f240dfd4814d34d55a9b033f3c9d8a60) Importer(815301076,1909f56bfc062723c751e8b465ee728b)  -> (artifact id: 'bc1684445c5bb284d057d212637dd856') in 0.098954 seconds 
  Import took 0.102852 seconds .

========================================================================
Received Import Request.
  Time since last request: 0.000208 seconds.
  path: Assets/Sunnyland/artwork/Sprites/Enemies/eagle/eagle-attack-4.png
  artifactKey: Guid(63301056ddf5f4841800915f26c302d2) Importer(815301076,1909f56bfc062723c751e8b465ee728b)
Start importing Assets/Sunnyland/artwork/Sprites/Enemies/eagle/eagle-attack-4.png using Guid(63301056ddf5f4841800915f26c302d2) Importer(815301076,1909f56bfc062723c751e8b465ee728b)  -> (artifact id: '2d9b018a77531a17435ca50b1bc59092') in 0.018993 seconds 
  Import took 0.022666 seconds .

========================================================================
Received Import Request.
  Time since last request: 0.000142 seconds.
  path: Assets/Sunnyland/artwork/Sprites/Enemies/eagle/eagle-attack-3.png
  artifactKey: Guid(36ec151523b4340ef982c2e9eb0af881) Importer(815301076,1909f56bfc062723c751e8b465ee728b)
Start importing Assets/Sunnyland/artwork/Sprites/Enemies/eagle/eagle-attack-3.png using Guid(36ec151523b4340ef982c2e9eb0af881) Importer(815301076,1909f56bfc062723c751e8b465ee728b)  -> (artifact id: '8f0891b65ccd5419fa575bdb35daf5a5') in 0.016958 seconds 
  Import took 0.020763 seconds .

========================================================================
Received Import Request.
  Time since last request: 0.000148 seconds.
  path: Assets/Sunnyland/artwork/Sprites/Enemies/eagle/eagle-attack-2.png
  artifactKey: Guid(c97786e9459b34e058449b84cd9aab61) Importer(815301076,1909f56bfc062723c751e8b465ee728b)
Start importing Assets/Sunnyland/artwork/Sprites/Enemies/eagle/eagle-attack-2.png using Guid(c97786e9459b34e058449b84cd9aab61) Importer(815301076,1909f56bfc062723c751e8b465ee728b)  -> (artifact id: 'b222be44ddbc7ad22cefc46fa25c8bcb') in 0.016817 seconds 
  Import took 0.020519 seconds .

========================================================================
Received Import Request.
  Time since last request: 8.768657 seconds.
  path: Assets/Sunnyland/artwork/Sprites/player/climb/player-climb-1.png
  artifactKey: Guid(be30195fa34cc45258a6ab7011cb297b) Importer(815301076,1909f56bfc062723c751e8b465ee728b)
Start importing Assets/Sunnyland/artwork/Sprites/player/climb/player-climb-1.png using Guid(be30195fa34cc45258a6ab7011cb297b) Importer(815301076,1909f56bfc062723c751e8b465ee728b)  -> (artifact id: 'e32e974eda1649e94eb26f5c0a6fc934') in 0.008964 seconds 
  Import took 0.012645 seconds .

========================================================================
Received Import Request.
  Time since last request: 0.000171 seconds.
  path: Assets/Sunnyland/artwork/Sprites/player/climb/player-climb-3.png
  artifactKey: Guid(eb5b673fa31e44bc9b15d686c24009da) Importer(815301076,1909f56bfc062723c751e8b465ee728b)
Start importing Assets/Sunnyland/artwork/Sprites/player/climb/player-climb-3.png using Guid(eb5b673fa31e44bc9b15d686c24009da) Importer(815301076,1909f56bfc062723c751e8b465ee728b)  -> (artifact id: '4abc248eb496348a3509ea9da885c625') in 0.011387 seconds 
  Import took 0.014910 seconds .

========================================================================
Received Import Request.
  Time since last request: 0.000167 seconds.
  path: Assets/Sunnyland/artwork/Sprites/player/climb/player-climb-2.png
  artifactKey: Guid(94cffd9e5ecd3497c9831ffe8ae1605c) Importer(815301076,1909f56bfc062723c751e8b465ee728b)
Start importing Assets/Sunnyland/artwork/Sprites/player/climb/player-climb-2.png using Guid(94cffd9e5ecd3497c9831ffe8ae1605c) Importer(815301076,1909f56bfc062723c751e8b465ee728b)  -> (artifact id: 'f67d94711f2b15d44c07629ee3db45e5') in 0.012311 seconds 
  Import took 0.016009 seconds .

========================================================================
Received Import Request.
  Time since last request: 0.923993 seconds.
  path: Assets/Sunnyland/artwork/Sprites/player/crouch/player-crouch-1.png
  artifactKey: Guid(9878b6f1290ef41e88b30f08f68537fd) Importer(815301076,1909f56bfc062723c751e8b465ee728b)
Start importing Assets/Sunnyland/artwork/Sprites/player/crouch/player-crouch-1.png using Guid(9878b6f1290ef41e88b30f08f68537fd) Importer(815301076,1909f56bfc062723c751e8b465ee728b)  -> (artifact id: '30d0a11ff947f85427050e775cebcfcd') in 0.011868 seconds 
  Import took 0.016298 seconds .

========================================================================
Received Import Request.
  Time since last request: 0.000260 seconds.
  path: Assets/Sunnyland/artwork/Sprites/player/crouch/player-crouch-2.png
  artifactKey: Guid(448d57c5e4c694686badaba281a6adff) Importer(815301076,1909f56bfc062723c751e8b465ee728b)
Start importing Assets/Sunnyland/artwork/Sprites/player/crouch/player-crouch-2.png using Guid(448d57c5e4c694686badaba281a6adff) Importer(815301076,1909f56bfc062723c751e8b465ee728b)  -> (artifact id: 'bf7134d558e1c22962f4d37a46f8f9aa') in 0.017728 seconds 
  Import took 0.023122 seconds .

========================================================================
Received Import Request.
  Time since last request: 0.005561 seconds.
  path: Assets/Sunnyland/artwork/Sprites/player/crouch/player-crouch-2.png
  artifactKey: Guid(448d57c5e4c694686badaba281a6adff) Importer(815301076,1909f56bfc062723c751e8b465ee728b)
Start importing Assets/Sunnyland/artwork/Sprites/player/crouch/player-crouch-2.png using Guid(448d57c5e4c694686badaba281a6adff) Importer(815301076,1909f56bfc062723c751e8b465ee728b)  -> (artifact id: 'bf7134d558e1c22962f4d37a46f8f9aa') in 0.015133 seconds 
  Import took 0.020643 seconds .

========================================================================
Received Import Request.
  Time since last request: 0.415022 seconds.
  path: Assets/Sunnyland/artwork/Sprites/player/hurt/player-hurt-1.png
  artifactKey: Guid(c123c318507c6405a869f2f89068cf06) Importer(815301076,1909f56bfc062723c751e8b465ee728b)
Start importing Assets/Sunnyland/artwork/Sprites/player/hurt/player-hurt-1.png using Guid(c123c318507c6405a869f2f89068cf06) Importer(815301076,1909f56bfc062723c751e8b465ee728b)  -> (artifact id: 'd613483b8795501dee2de259ce59337d') in 0.014342 seconds 
  Import took 0.018534 seconds .

========================================================================
Received Import Request.
  Time since last request: 0.000208 seconds.
  path: Assets/Sunnyland/artwork/Sprites/player/hurt/player-hurt-2.png
  artifactKey: Guid(a85f3724632254a6cb24066dc54cbf60) Importer(815301076,1909f56bfc062723c751e8b465ee728b)
Start importing Assets/Sunnyland/artwork/Sprites/player/hurt/player-hurt-2.png using Guid(a85f3724632254a6cb24066dc54cbf60) Importer(815301076,1909f56bfc062723c751e8b465ee728b)  -> (artifact id: '45c86c0dd758b32be42aeba7a8c54ca6') in 0.018312 seconds 
  Import took 0.023015 seconds .

========================================================================
Received Import Request.
  Time since last request: 0.381444 seconds.
  path: Assets/Sunnyland/artwork/Sprites/player/idle/player-idle-1.png
  artifactKey: Guid(72de0c64f2c6a498096698322c976a67) Importer(815301076,1909f56bfc062723c751e8b465ee728b)
Start importing Assets/Sunnyland/artwork/Sprites/player/idle/player-idle-1.png using Guid(72de0c64f2c6a498096698322c976a67) Importer(815301076,1909f56bfc062723c751e8b465ee728b)  -> (artifact id: '87449736d1eeb6fc4a3485503d042d6d') in 0.013748 seconds 
  Import took 0.018252 seconds .

========================================================================
Received Import Request.
  Time since last request: 0.000286 seconds.
  path: Assets/Sunnyland/artwork/Sprites/player/idle/player-idle-4.png
  artifactKey: Guid(8bc3c2c2a565342aab778fd8e874313a) Importer(815301076,1909f56bfc062723c751e8b465ee728b)
Start importing Assets/Sunnyland/artwork/Sprites/player/idle/player-idle-4.png using Guid(8bc3c2c2a565342aab778fd8e874313a) Importer(815301076,1909f56bfc062723c751e8b465ee728b)  -> (artifact id: 'e592e0674d2b8a20b9190ad5f522ad52') in 0.018479 seconds 
  Import took 0.023668 seconds .

========================================================================
Received Import Request.
  Time since last request: 0.000433 seconds.
  path: Assets/Sunnyland/artwork/Sprites/player/idle/player-idle-3.png
  artifactKey: Guid(077f0469c420a4365bc67943783293df) Importer(815301076,1909f56bfc062723c751e8b465ee728b)
Start importing Assets/Sunnyland/artwork/Sprites/player/idle/player-idle-3.png using Guid(077f0469c420a4365bc67943783293df) Importer(815301076,1909f56bfc062723c751e8b465ee728b)  -> (artifact id: '9376aab1c8423ac234c186d30d1a1c49') in 0.014342 seconds 
  Import took 0.019444 seconds .

========================================================================
Received Import Request.
  Time since last request: 0.000395 seconds.
  path: Assets/Sunnyland/artwork/Sprites/player/idle/player-idle-2.png
  artifactKey: Guid(c8a742c1f2ebb43b9afe34a47304c051) Importer(815301076,1909f56bfc062723c751e8b465ee728b)
Start importing Assets/Sunnyland/artwork/Sprites/player/idle/player-idle-2.png using Guid(c8a742c1f2ebb43b9afe34a47304c051) Importer(815301076,1909f56bfc062723c751e8b465ee728b)  -> (artifact id: 'b5ea35d6f4322c577dc9cddf0ce8b6fd') in 0.022951 seconds 
  Import took 0.028544 seconds .

========================================================================
Received Import Request.
  Time since last request: 0.725458 seconds.
  path: Assets/Sunnyland/artwork/Sprites/player/jump/player-jump-1.png
  artifactKey: Guid(e2976d09b53264ffbbb9210a1ae1dcc0) Importer(815301076,1909f56bfc062723c751e8b465ee728b)
Start importing Assets/Sunnyland/artwork/Sprites/player/jump/player-jump-1.png using Guid(e2976d09b53264ffbbb9210a1ae1dcc0) Importer(815301076,1909f56bfc062723c751e8b465ee728b)  -> (artifact id: 'a229908e5335a5fadad9561c8da7bb99') in 0.009818 seconds 
  Import took 0.013216 seconds .

========================================================================
Received Import Request.
  Time since last request: 0.000156 seconds.
  path: Assets/Sunnyland/artwork/Sprites/player/jump/player-jump-2.png
  artifactKey: Guid(598fb1767626f42e992bb9c2769d86ea) Importer(815301076,1909f56bfc062723c751e8b465ee728b)
Start importing Assets/Sunnyland/artwork/Sprites/player/jump/player-jump-2.png using Guid(598fb1767626f42e992bb9c2769d86ea) Importer(815301076,1909f56bfc062723c751e8b465ee728b)  -> (artifact id: '38b539280631f807029aecf5d047f4b8') in 0.010003 seconds 
  Import took 0.013412 seconds .

========================================================================
Received Import Request.
  Time since last request: 0.414743 seconds.
  path: Assets/Sunnyland/artwork/Sprites/player/run/player-run-1.png
  artifactKey: Guid(8afd73b29f8e34c70b0db80184b8cc7f) Importer(815301076,1909f56bfc062723c751e8b465ee728b)
Start importing Assets/Sunnyland/artwork/Sprites/player/run/player-run-1.png using Guid(8afd73b29f8e34c70b0db80184b8cc7f) Importer(815301076,1909f56bfc062723c751e8b465ee728b)  -> (artifact id: 'b112a96e55f8c475ea5386449272e978') in 0.013925 seconds 
  Import took 0.018059 seconds .

========================================================================
Received Import Request.
  Time since last request: 0.000173 seconds.
  path: Assets/Sunnyland/artwork/Sprites/player/run/player-run-3.png
  artifactKey: Guid(3f59d4fdf4fe04ab79f11dadde82fe8c) Importer(815301076,1909f56bfc062723c751e8b465ee728b)
Start importing Assets/Sunnyland/artwork/Sprites/player/run/player-run-3.png using Guid(3f59d4fdf4fe04ab79f11dadde82fe8c) Importer(815301076,1909f56bfc062723c751e8b465ee728b)  -> (artifact id: '78a38f5e68ae2026313c57d675198998') in 0.014545 seconds 
  Import took 0.017918 seconds .

========================================================================
Received Import Request.
  Time since last request: 0.000298 seconds.
  path: Assets/Sunnyland/artwork/Sprites/player/run/player-run-5.png
  artifactKey: Guid(f58cc0961cc9146ca9780a0cb1327e5d) Importer(815301076,1909f56bfc062723c751e8b465ee728b)
Start importing Assets/Sunnyland/artwork/Sprites/player/run/player-run-5.png using Guid(f58cc0961cc9146ca9780a0cb1327e5d) Importer(815301076,1909f56bfc062723c751e8b465ee728b)  -> (artifact id: '3c559d409e881f2b8fe9eb711b18f7b2') in 0.018031 seconds 
  Import took 0.021711 seconds .

========================================================================
Received Import Request.
  Time since last request: 0.000168 seconds.
  path: Assets/Sunnyland/artwork/Sprites/player/run/player-run-4.png
  artifactKey: Guid(bc3fcf1d561104bea933686de6bade4b) Importer(815301076,1909f56bfc062723c751e8b465ee728b)
Start importing Assets/Sunnyland/artwork/Sprites/player/run/player-run-4.png using Guid(bc3fcf1d561104bea933686de6bade4b) Importer(815301076,1909f56bfc062723c751e8b465ee728b)  -> (artifact id: '2d07a9604f89c717e38cf6d96aeaf2b9') in 0.015230 seconds 
  Import took 0.018532 seconds .

========================================================================
Received Import Request.
  Time since last request: 0.000155 seconds.
  path: Assets/Sunnyland/artwork/Sprites/player/run/player-run-2.png
  artifactKey: Guid(d094cf6ac3d8a4d0bbbef5d6d6ad3eed) Importer(815301076,1909f56bfc062723c751e8b465ee728b)
Start importing Assets/Sunnyland/artwork/Sprites/player/run/player-run-2.png using Guid(d094cf6ac3d8a4d0bbbef5d6d6ad3eed) Importer(815301076,1909f56bfc062723c751e8b465ee728b)  -> (artifact id: 'a7658624e9c699c868b0e3ff4d2da93b') in 0.014889 seconds 
  Import took 0.018727 seconds .

========================================================================
Received Import Request.
  Time since last request: 0.000165 seconds.
  path: Assets/Sunnyland/artwork/Sprites/player/run/player-run-4.png
  artifactKey: Guid(bc3fcf1d561104bea933686de6bade4b) Importer(815301076,1909f56bfc062723c751e8b465ee728b)
Start importing Assets/Sunnyland/artwork/Sprites/player/run/player-run-4.png using Guid(bc3fcf1d561104bea933686de6bade4b) Importer(815301076,1909f56bfc062723c751e8b465ee728b)  -> (artifact id: '2d07a9604f89c717e38cf6d96aeaf2b9') in 0.015349 seconds 
  Import took 0.018585 seconds .

========================================================================
Received Import Request.
  Time since last request: 0.000222 seconds.
  path: Assets/Sunnyland/artwork/Sprites/player/run/player-run-6.png
  artifactKey: Guid(af314424f59d946469a97f398e8de53f) Importer(815301076,1909f56bfc062723c751e8b465ee728b)
Start importing Assets/Sunnyland/artwork/Sprites/player/run/player-run-6.png using Guid(af314424f59d946469a97f398e8de53f) Importer(815301076,1909f56bfc062723c751e8b465ee728b)  -> (artifact id: '32511d10a61d62c45dbd6a96a9c257f7') in 0.017904 seconds 
  Import took 0.021603 seconds .

========================================================================
Received Import Request.
  Time since last request: 18.532978 seconds.
  path: Assets/Sunnyland/artwork/Environment/back.png
  artifactKey: Guid(8e160a2a620644cd6afef9119dad1093) Importer(815301076,1909f56bfc062723c751e8b465ee728b)
Start importing Assets/Sunnyland/artwork/Environment/back.png using Guid(8e160a2a620644cd6afef9119dad1093) Importer(815301076,1909f56bfc062723c751e8b465ee728b)  -> (artifact id: '184fba7dd6918a074fc56c224f70b71e') in 0.015518 seconds 
  Import took 0.019866 seconds .

========================================================================
Received Import Request.
  Time since last request: 0.000205 seconds.
  path: Assets/Sunnyland/artwork/Environment/tileset-sliced.png
  artifactKey: Guid(261212b977f594d5dbc48631a5c1295c) Importer(815301076,1909f56bfc062723c751e8b465ee728b)
Start importing Assets/Sunnyland/artwork/Environment/tileset-sliced.png using Guid(261212b977f594d5dbc48631a5c1295c) Importer(815301076,1909f56bfc062723c751e8b465ee728b)  -> (artifact id: '3ded7db3fed6e2c615e8df87d932687c') in 0.220102 seconds 
  Import took 0.224304 seconds .

========================================================================
Received Import Request.
  Time since last request: 0.000164 seconds.
  path: Assets/Sunnyland/artwork/Environment/middle.png
  artifactKey: Guid(de41d366c687a46beb6a9acaa88c12db) Importer(815301076,1909f56bfc062723c751e8b465ee728b)
Start importing Assets/Sunnyland/artwork/Environment/middle.png using Guid(de41d366c687a46beb6a9acaa88c12db) Importer(815301076,1909f56bfc062723c751e8b465ee728b)  -> (artifact id: '37bd9318211340215f5e607914c3e710') in 0.011719 seconds 
  Import took 0.014670 seconds .

========================================================================
Received Import Request.
  Time since last request: 0.000168 seconds.
  path: Assets/Sunnyland/artwork/Environment/tileset.png
  artifactKey: Guid(3b66e1a27c9634fe9a4746c47eeda7cc) Importer(815301076,1909f56bfc062723c751e8b465ee728b)
Start importing Assets/Sunnyland/artwork/Environment/tileset.png using Guid(3b66e1a27c9634fe9a4746c47eeda7cc) Importer(815301076,1909f56bfc062723c751e8b465ee728b)  -> (artifact id: '78e60e5edc645a6df5843e12d955ac25') in 0.013522 seconds 
  Import took 0.017074 seconds .

========================================================================
Received Import Request.
  Time since last request: 8.272565 seconds.
  path: Assets/BayatGames/Free Platform Game Assets/Character/Character Animation ( Update 1.8 )/Idle/1x.png
  artifactKey: Guid(c483493eb3ec0f143b5d78ad823ac661) Importer(815301076,1909f56bfc062723c751e8b465ee728b)
Start importing Assets/BayatGames/Free Platform Game Assets/Character/Character Animation ( Update 1.8 )/Idle/1x.png using Guid(c483493eb3ec0f143b5d78ad823ac661) Importer(815301076,1909f56bfc062723c751e8b465ee728b)  -> (artifact id: '9a57441e88d8a2ca368a63b647ec366d') in 0.012803 seconds 
  Import took 0.017055 seconds .

========================================================================
Received Import Request.
  Time since last request: 0.000160 seconds.
  path: Assets/BayatGames/Free Platform Game Assets/Character/Character Animation ( Update 1.8 )/Idle/2x.png
  artifactKey: Guid(6bd1c00f5f6ecc746b6e2277f8a7d292) Importer(815301076,1909f56bfc062723c751e8b465ee728b)
Start importing Assets/BayatGames/Free Platform Game Assets/Character/Character Animation ( Update 1.8 )/Idle/2x.png using Guid(6bd1c00f5f6ecc746b6e2277f8a7d292) Importer(815301076,1909f56bfc062723c751e8b465ee728b)  -> (artifact id: '886338371c2384e3d97361bf8f5d6aac') in 0.016114 seconds 
  Import took 0.019170 seconds .

========================================================================
Received Import Request.
  Time since last request: 0.001862 seconds.
  path: Assets/BayatGames/Free Platform Game Assets/Character/Character Animation ( Update 1.8 )/Idle/2x.png
  artifactKey: Guid(6bd1c00f5f6ecc746b6e2277f8a7d292) Importer(815301076,1909f56bfc062723c751e8b465ee728b)
Start importing Assets/BayatGames/Free Platform Game Assets/Character/Character Animation ( Update 1.8 )/Idle/2x.png using Guid(6bd1c00f5f6ecc746b6e2277f8a7d292) Importer(815301076,1909f56bfc062723c751e8b465ee728b)  -> (artifact id: '886338371c2384e3d97361bf8f5d6aac') in 0.011603 seconds 
  Import took 0.014608 seconds .

========================================================================
Received Import Request.
  Time since last request: 1.681976 seconds.
  path: Assets/BayatGames/Free Platform Game Assets/Character/Character Animation ( Update 1.8 )/Jump/1x.png
  artifactKey: Guid(f98aa3d998533f2479a54460b4d5a2d0) Importer(815301076,1909f56bfc062723c751e8b465ee728b)
Start importing Assets/BayatGames/Free Platform Game Assets/Character/Character Animation ( Update 1.8 )/Jump/1x.png using Guid(f98aa3d998533f2479a54460b4d5a2d0) Importer(815301076,1909f56bfc062723c751e8b465ee728b)  -> (artifact id: 'e1fb6b32b7d3987d1a9aedc0875800fe') in 0.009885 seconds 
  Import took 0.013317 seconds .

========================================================================
Received Import Request.
  Time since last request: 0.000223 seconds.
  path: Assets/BayatGames/Free Platform Game Assets/Character/Character Animation ( Update 1.8 )/Jump/2x.png
  artifactKey: Guid(5d2d7f4ab1e201048be99e1dc5fc3488) Importer(815301076,1909f56bfc062723c751e8b465ee728b)
Start importing Assets/BayatGames/Free Platform Game Assets/Character/Character Animation ( Update 1.8 )/Jump/2x.png using Guid(5d2d7f4ab1e201048be99e1dc5fc3488) Importer(815301076,1909f56bfc062723c751e8b465ee728b)  -> (artifact id: '2bfb704e4cee294a40641888d412b046') in 0.015457 seconds 
  Import took 0.018615 seconds .

========================================================================
Received Import Request.
  Time since last request: 0.448394 seconds.
  path: Assets/BayatGames/Free Platform Game Assets/Character/Character Animation ( Update 1.8 )/Run/1x.png
  artifactKey: Guid(a407a3b3fefdc4b4595de46072f1ba58) Importer(815301076,1909f56bfc062723c751e8b465ee728b)
Start importing Assets/BayatGames/Free Platform Game Assets/Character/Character Animation ( Update 1.8 )/Run/1x.png using Guid(a407a3b3fefdc4b4595de46072f1ba58) Importer(815301076,1909f56bfc062723c751e8b465ee728b)  -> (artifact id: '5fd4598d43aa89b6c922f61f89fc6c11') in 0.011733 seconds 
  Import took 0.015148 seconds .

========================================================================
Received Import Request.
  Time since last request: 0.000154 seconds.
  path: Assets/BayatGames/Free Platform Game Assets/Character/Character Animation ( Update 1.8 )/Run/2x.png
  artifactKey: Guid(2b22e58cf7fbd7946b874f61d6cbbebc) Importer(815301076,1909f56bfc062723c751e8b465ee728b)
Start importing Assets/BayatGames/Free Platform Game Assets/Character/Character Animation ( Update 1.8 )/Run/2x.png using Guid(2b22e58cf7fbd7946b874f61d6cbbebc) Importer(815301076,1909f56bfc062723c751e8b465ee728b)  -> (artifact id: 'd8513d9428df2d691835d8ab804a2772') in 0.018270 seconds 
  Import took 0.021850 seconds .

========================================================================
Received Import Request.
  Time since last request: 13.978038 seconds.
  path: Assets/BayatGames/Free Platform Game Assets/Character/Character Animation ( Update 1.8 )/Idle/Blink/1x.png
  artifactKey: Guid(7271c00af7c561f4da251fcfe62912d4) Importer(815301076,1909f56bfc062723c751e8b465ee728b)
Start importing Assets/BayatGames/Free Platform Game Assets/Character/Character Animation ( Update 1.8 )/Idle/Blink/1x.png using Guid(7271c00af7c561f4da251fcfe62912d4) Importer(815301076,1909f56bfc062723c751e8b465ee728b)  -> (artifact id: '271968f82751b8ea5362069a797c8d88') in 0.010113 seconds 
  Import took 0.013736 seconds .

========================================================================
Received Import Request.
  Time since last request: 0.000153 seconds.
  path: Assets/BayatGames/Free Platform Game Assets/Character/Character Animation ( Update 1.8 )/Idle/Blink/2x.png
  artifactKey: Guid(445f456e4b154514898d79d71b55c05f) Importer(815301076,1909f56bfc062723c751e8b465ee728b)
Start importing Assets/BayatGames/Free Platform Game Assets/Character/Character Animation ( Update 1.8 )/Idle/Blink/2x.png using Guid(445f456e4b154514898d79d71b55c05f) Importer(815301076,1909f56bfc062723c751e8b465ee728b)  -> (artifact id: '413fc03d24a56136146327f9aabbe50f') in 0.016062 seconds 
  Import took 0.019710 seconds .

========================================================================
Received Import Request.
  Time since last request: 15.840765 seconds.
  path: Assets/BayatGames/Free Platform Game Assets/Enemies/New Enemy ( Update 1.9 )/Mace Preview.png
  artifactKey: Guid(fd2bcdf3e54ea53458d24db0284940c2) Importer(815301076,1909f56bfc062723c751e8b465ee728b)
Start importing Assets/BayatGames/Free Platform Game Assets/Enemies/New Enemy ( Update 1.9 )/Mace Preview.png using Guid(fd2bcdf3e54ea53458d24db0284940c2) Importer(815301076,1909f56bfc062723c751e8b465ee728b)  -> (artifact id: '6e832f64642e341163cf5a36d91ec46c') in 0.012087 seconds 
  Import took 0.015676 seconds .

========================================================================
Received Import Request.
  Time since last request: 1.902642 seconds.
  path: Assets/BayatGames/Free Platform Game Assets/Enemies/Enemies/png/32x32/Spike_Down.png
  artifactKey: Guid(4e7df43df38ac754f81eba8fc09b1931) Importer(815301076,1909f56bfc062723c751e8b465ee728b)
Start importing Assets/BayatGames/Free Platform Game Assets/Enemies/Enemies/png/32x32/Spike_Down.png using Guid(4e7df43df38ac754f81eba8fc09b1931) Importer(815301076,1909f56bfc062723c751e8b465ee728b)  -> (artifact id: '422d6f9a83b3478150bb5d936344e5cc') in 0.010603 seconds 
  Import took 0.013662 seconds .

========================================================================
Received Import Request.
  Time since last request: 0.000189 seconds.
  path: Assets/BayatGames/Free Platform Game Assets/Enemies/Enemies/png/32x32/Spike_Left&Right.png
  artifactKey: Guid(3560cf5b0cd02ac47bfdf0db0469d4d4) Importer(815301076,1909f56bfc062723c751e8b465ee728b)
Start importing Assets/BayatGames/Free Platform Game Assets/Enemies/Enemies/png/32x32/Spike_Left&Right.png using Guid(3560cf5b0cd02ac47bfdf0db0469d4d4) Importer(815301076,1909f56bfc062723c751e8b465ee728b)  -> (artifact id: 'e49df22532731d82481122f99be1187e') in 0.015377 seconds 
  Import took 0.019518 seconds .

========================================================================
Received Import Request.
  Time since last request: 0.000196 seconds.
  path: Assets/BayatGames/Free Platform Game Assets/Enemies/Enemies/png/32x32/Spike_Up.png
  artifactKey: Guid(65d2be0c137e85445970ea21fdb08c8a) Importer(815301076,1909f56bfc062723c751e8b465ee728b)
Start importing Assets/BayatGames/Free Platform Game Assets/Enemies/Enemies/png/32x32/Spike_Up.png using Guid(65d2be0c137e85445970ea21fdb08c8a) Importer(815301076,1909f56bfc062723c751e8b465ee728b)  -> (artifact id: '6bfbf35e6cbd6b8d62f8f8c53c7158c2') in 0.015752 seconds 
  Import took 0.021048 seconds .

========================================================================
Received Import Request.
  Time since last request: 0.000287 seconds.
  path: Assets/BayatGames/Free Platform Game Assets/Enemies/Enemies/png/32x32/Spike_Left&Right.png
  artifactKey: Guid(3560cf5b0cd02ac47bfdf0db0469d4d4) Importer(815301076,1909f56bfc062723c751e8b465ee728b)
Start importing Assets/BayatGames/Free Platform Game Assets/Enemies/Enemies/png/32x32/Spike_Left&Right.png using Guid(3560cf5b0cd02ac47bfdf0db0469d4d4) Importer(815301076,1909f56bfc062723c751e8b465ee728b)  -> (artifact id: 'e49df22532731d82481122f99be1187e') in 0.014430 seconds 
  Import took 0.019568 seconds .

========================================================================
Received Import Request.
  Time since last request: 0.000305 seconds.
  path: Assets/BayatGames/Free Platform Game Assets/Enemies/Enemies/png/32x32/Spike_Up.png
  artifactKey: Guid(65d2be0c137e85445970ea21fdb08c8a) Importer(815301076,1909f56bfc062723c751e8b465ee728b)
Start importing Assets/BayatGames/Free Platform Game Assets/Enemies/Enemies/png/32x32/Spike_Up.png using Guid(65d2be0c137e85445970ea21fdb08c8a) Importer(815301076,1909f56bfc062723c751e8b465ee728b)  -> (artifact id: '6bfbf35e6cbd6b8d62f8f8c53c7158c2') in 0.015130 seconds 
  Import took 0.018748 seconds .

========================================================================
Received Import Request.
  Time since last request: 0.866902 seconds.
  path: Assets/BayatGames/Free Platform Game Assets/Enemies/Enemies/png/64x64/Spike_Down.png
  artifactKey: Guid(65948b26b1cde0247930b657883b2da6) Importer(815301076,1909f56bfc062723c751e8b465ee728b)
Start importing Assets/BayatGames/Free Platform Game Assets/Enemies/Enemies/png/64x64/Spike_Down.png using Guid(65948b26b1cde0247930b657883b2da6) Importer(815301076,1909f56bfc062723c751e8b465ee728b)  -> (artifact id: '92417aa76af9a8fc3630aedaf84ac0c6') in 0.011949 seconds 
  Import took 0.015460 seconds .

========================================================================
Received Import Request.
  Time since last request: 0.000179 seconds.
  path: Assets/BayatGames/Free Platform Game Assets/Enemies/Enemies/png/64x64/Spike_Up.png
  artifactKey: Guid(9809c99ad563f144089e38062b03db98) Importer(815301076,1909f56bfc062723c751e8b465ee728b)
Start importing Assets/BayatGames/Free Platform Game Assets/Enemies/Enemies/png/64x64/Spike_Up.png using Guid(9809c99ad563f144089e38062b03db98) Importer(815301076,1909f56bfc062723c751e8b465ee728b)  -> (artifact id: 'fb642d96a60af83155d9782702beef25') in 0.014722 seconds 
  Import took 0.019322 seconds .

========================================================================
Received Import Request.
  Time since last request: 0.000386 seconds.
  path: Assets/BayatGames/Free Platform Game Assets/Enemies/Enemies/png/64x64/Spike_Left&Right.png
  artifactKey: Guid(e4790c9a8fc350e4c9040f29229b6792) Importer(815301076,1909f56bfc062723c751e8b465ee728b)
Start importing Assets/BayatGames/Free Platform Game Assets/Enemies/Enemies/png/64x64/Spike_Left&Right.png using Guid(e4790c9a8fc350e4c9040f29229b6792) Importer(815301076,1909f56bfc062723c751e8b465ee728b)  -> (artifact id: '11da00eaf04d39a826c09be0508ef997') in 0.014011 seconds 
  Import took 0.018720 seconds .

========================================================================
Received Import Request.
  Time since last request: 0.000988 seconds.
  path: Assets/BayatGames/Free Platform Game Assets/Enemies/Enemies/png/64x64/Spike_Left&Right.png
  artifactKey: Guid(e4790c9a8fc350e4c9040f29229b6792) Importer(815301076,1909f56bfc062723c751e8b465ee728b)
Start importing Assets/BayatGames/Free Platform Game Assets/Enemies/Enemies/png/64x64/Spike_Left&Right.png using Guid(e4790c9a8fc350e4c9040f29229b6792) Importer(815301076,1909f56bfc062723c751e8b465ee728b)  -> (artifact id: '11da00eaf04d39a826c09be0508ef997') in 0.015835 seconds 
  Import took 0.020631 seconds .

========================================================================
Received Import Request.
  Time since last request: 0.317715 seconds.
  path: Assets/BayatGames/Free Platform Game Assets/Enemies/Enemies/png/128x128/Mac 128.png
  artifactKey: Guid(111d6ad0100b30a409730acbc80f96fb) Importer(815301076,1909f56bfc062723c751e8b465ee728b)
Start importing Assets/BayatGames/Free Platform Game Assets/Enemies/Enemies/png/128x128/Mac 128.png using Guid(111d6ad0100b30a409730acbc80f96fb) Importer(815301076,1909f56bfc062723c751e8b465ee728b)  -> (artifact id: '75a6f0eac9d74fec8676f5ec93550c67') in 0.012405 seconds 
  Import took 0.016165 seconds .

========================================================================
Received Import Request.
  Time since last request: 0.000230 seconds.
  path: Assets/BayatGames/Free Platform Game Assets/Enemies/Enemies/png/128x128/Spike_down.png
  artifactKey: Guid(006840a3143209e49978b3ace77c06ce) Importer(815301076,1909f56bfc062723c751e8b465ee728b)
Start importing Assets/BayatGames/Free Platform Game Assets/Enemies/Enemies/png/128x128/Spike_down.png using Guid(006840a3143209e49978b3ace77c06ce) Importer(815301076,1909f56bfc062723c751e8b465ee728b)  -> (artifact id: '65b1f48e63e678f59b8d409352b9b1dc') in 0.013046 seconds 
  Import took 0.016761 seconds .

========================================================================
Received Import Request.
  Time since last request: 0.000243 seconds.
  path: Assets/BayatGames/Free Platform Game Assets/Enemies/Enemies/png/128x128/Saw.png
  artifactKey: Guid(613b14988f467df4dbaefa49d7784a6c) Importer(815301076,1909f56bfc062723c751e8b465ee728b)
Start importing Assets/BayatGames/Free Platform Game Assets/Enemies/Enemies/png/128x128/Saw.png using Guid(613b14988f467df4dbaefa49d7784a6c) Importer(815301076,1909f56bfc062723c751e8b465ee728b)  -> (artifact id: 'a6aa6b9ccda6db08b9882d2c299d35bd') in 0.018725 seconds 
  Import took 0.023734 seconds .

========================================================================
Received Import Request.
  Time since last request: 0.000298 seconds.
  path: Assets/BayatGames/Free Platform Game Assets/Enemies/Enemies/png/128x128/Spike_Up.png
  artifactKey: Guid(95b34bf8a34aa3543949566316d48302) Importer(815301076,1909f56bfc062723c751e8b465ee728b)
Start importing Assets/BayatGames/Free Platform Game Assets/Enemies/Enemies/png/128x128/Spike_Up.png using Guid(95b34bf8a34aa3543949566316d48302) Importer(815301076,1909f56bfc062723c751e8b465ee728b)  -> (artifact id: '42a488ddc9417f92cd25d888c46dc9e5') in 0.017937 seconds 
  Import took 0.023774 seconds .

========================================================================
Received Import Request.
  Time since last request: 0.000308 seconds.
  path: Assets/BayatGames/Free Platform Game Assets/Enemies/Enemies/png/128x128/Mace.png
  artifactKey: Guid(e9b8e1622b3cc314396f4721ffd35a66) Importer(815301076,1909f56bfc062723c751e8b465ee728b)
Start importing Assets/BayatGames/Free Platform Game Assets/Enemies/Enemies/png/128x128/Mace.png using Guid(e9b8e1622b3cc314396f4721ffd35a66) Importer(815301076,1909f56bfc062723c751e8b465ee728b)  -> (artifact id: 'f32c3d6d280eb3753d4fe9d66e7079aa') in 0.021274 seconds 
  Import took 0.027037 seconds .

========================================================================
Received Import Request.
  Time since last request: 0.000397 seconds.
  path: Assets/BayatGames/Free Platform Game Assets/Enemies/Enemies/png/128x128/Spike_Left&down.png
  artifactKey: Guid(9313547624ac5ad4f859f9b6feba896e) Importer(815301076,1909f56bfc062723c751e8b465ee728b)
Start importing Assets/BayatGames/Free Platform Game Assets/Enemies/Enemies/png/128x128/Spike_Left&down.png using Guid(9313547624ac5ad4f859f9b6feba896e) Importer(815301076,1909f56bfc062723c751e8b465ee728b)  -> (artifact id: 'a4e0d49fe4c851e2f219e3aac2b45b40') in 0.018599 seconds 
  Import took 0.023539 seconds .

========================================================================
Received Import Request.
  Time since last request: 0.001901 seconds.
  path: Assets/BayatGames/Free Platform Game Assets/Enemies/Enemies/png/128x128/Spike_Left&down.png
  artifactKey: Guid(9313547624ac5ad4f859f9b6feba896e) Importer(815301076,1909f56bfc062723c751e8b465ee728b)
Start importing Assets/BayatGames/Free Platform Game Assets/Enemies/Enemies/png/128x128/Spike_Left&down.png using Guid(9313547624ac5ad4f859f9b6feba896e) Importer(815301076,1909f56bfc062723c751e8b465ee728b)  -> (artifact id: 'a4e0d49fe4c851e2f219e3aac2b45b40') in 0.018065 seconds 
  Import took 0.023935 seconds .

========================================================================
Received Import Request.
  Time since last request: 0.165159 seconds.
  path: Assets/BayatGames/Free Platform Game Assets/Enemies/Enemies/png/256x256/eye 256.png
  artifactKey: Guid(6cccbf5e59c94fd49ba53ffa48c6fc60) Importer(815301076,1909f56bfc062723c751e8b465ee728b)
Start importing Assets/BayatGames/Free Platform Game Assets/Enemies/Enemies/png/256x256/eye 256.png using Guid(6cccbf5e59c94fd49ba53ffa48c6fc60) Importer(815301076,1909f56bfc062723c751e8b465ee728b)  -> (artifact id: 'e40c3cc0fdc876b0e5747207e0fe9ca0') in 0.009965 seconds 
  Import took 0.013882 seconds .

========================================================================
Received Import Request.
  Time since last request: 0.000197 seconds.
  path: Assets/BayatGames/Free Platform Game Assets/Enemies/Enemies/png/256x256/Pupil 256.png
  artifactKey: Guid(a2bdd2a9215d9574aaed3d1a1e2f7f69) Importer(815301076,1909f56bfc062723c751e8b465ee728b)
Start importing Assets/BayatGames/Free Platform Game Assets/Enemies/Enemies/png/256x256/Pupil 256.png using Guid(a2bdd2a9215d9574aaed3d1a1e2f7f69) Importer(815301076,1909f56bfc062723c751e8b465ee728b)  -> (artifact id: '7590beb3df51fe9fe76a9c9fb0ec456e') in 0.016749 seconds 
  Import took 0.019766 seconds .

========================================================================
Received Import Request.
  Time since last request: 0.000173 seconds.
  path: Assets/BayatGames/Free Platform Game Assets/Enemies/Enemies/png/256x256/Eyelid 256.png
  artifactKey: Guid(83b690a3a84ed4a409fc005170af0c97) Importer(815301076,1909f56bfc062723c751e8b465ee728b)
Start importing Assets/BayatGames/Free Platform Game Assets/Enemies/Enemies/png/256x256/Eyelid 256.png using Guid(83b690a3a84ed4a409fc005170af0c97) Importer(815301076,1909f56bfc062723c751e8b465ee728b)  -> (artifact id: '1b20e691342834f58be28e47cd19b10f') in 0.018561 seconds 
  Import took 0.022153 seconds .

========================================================================
Received Import Request.
  Time since last request: 0.000173 seconds.
  path: Assets/BayatGames/Free Platform Game Assets/Enemies/Enemies/png/256x256/Mac 256.png
  artifactKey: Guid(c7879d290f7325a418ae4d1f02aa1311) Importer(815301076,1909f56bfc062723c751e8b465ee728b)
Start importing Assets/BayatGames/Free Platform Game Assets/Enemies/Enemies/png/256x256/Mac 256.png using Guid(c7879d290f7325a418ae4d1f02aa1311) Importer(815301076,1909f56bfc062723c751e8b465ee728b)  -> (artifact id: '77da0509bcb14e7e5bace08b9b6f774c') in 0.015396 seconds 
  Import took 0.019352 seconds .

========================================================================
Received Import Request.
  Time since last request: 0.000185 seconds.
  path: Assets/BayatGames/Free Platform Game Assets/Enemies/Enemies/png/256x256/Mace.png
  artifactKey: Guid(a38f2f3a00fc7e94f910aacead30a1f0) Importer(815301076,1909f56bfc062723c751e8b465ee728b)
Start importing Assets/BayatGames/Free Platform Game Assets/Enemies/Enemies/png/256x256/Mace.png using Guid(a38f2f3a00fc7e94f910aacead30a1f0) Importer(815301076,1909f56bfc062723c751e8b465ee728b)  -> (artifact id: '034c2cbb45d1b52759f8fa47f6711f49') in 0.015693 seconds 
  Import took 0.019199 seconds .

========================================================================
Received Import Request.
  Time since last request: 0.000342 seconds.
  path: Assets/BayatGames/Free Platform Game Assets/Enemies/Enemies/png/256x256/Saw.png
  artifactKey: Guid(c7751e43ec9b50745985372bf2b0177b) Importer(815301076,1909f56bfc062723c751e8b465ee728b)
Start importing Assets/BayatGames/Free Platform Game Assets/Enemies/Enemies/png/256x256/Saw.png using Guid(c7751e43ec9b50745985372bf2b0177b) Importer(815301076,1909f56bfc062723c751e8b465ee728b)  -> (artifact id: '608b18d84747f59b244906f1f4bd6690') in 0.020046 seconds 
  Import took 0.023089 seconds .

========================================================================
Received Import Request.
  Time since last request: 17.777138 seconds.
  path: Assets/BayatGames/Free Platform Game Assets/Enemies/Enemies/png/512x512/eye 512.png
  artifactKey: Guid(0427901dc915f874ebdc1a20db9fcd2a) Importer(815301076,1909f56bfc062723c751e8b465ee728b)
Start importing Assets/BayatGames/Free Platform Game Assets/Enemies/Enemies/png/512x512/eye 512.png using Guid(0427901dc915f874ebdc1a20db9fcd2a) Importer(815301076,1909f56bfc062723c751e8b465ee728b)  -> (artifact id: 'ed336678d0cb2ca05ad1914d870add94') in 0.010805 seconds 
  Import took 0.014244 seconds .

========================================================================
Received Import Request.
  Time since last request: 0.000163 seconds.
  path: Assets/BayatGames/Free Platform Game Assets/Enemies/Enemies/png/512x512/Eyelid 512.png
  artifactKey: Guid(cc1f52d6923505c4598451f13978778f) Importer(815301076,1909f56bfc062723c751e8b465ee728b)
Start importing Assets/BayatGames/Free Platform Game Assets/Enemies/Enemies/png/512x512/Eyelid 512.png using Guid(cc1f52d6923505c4598451f13978778f) Importer(815301076,1909f56bfc062723c751e8b465ee728b)  -> (artifact id: 'fed8440a1e49aceb43b0a754102e9463') in 0.012173 seconds 
  Import took 0.015035 seconds .

========================================================================
Received Import Request.
  Time since last request: 0.000159 seconds.
  path: Assets/BayatGames/Free Platform Game Assets/Enemies/Enemies/png/512x512/Mac 512.png
  artifactKey: Guid(a79dbc4d254271a47bc835354666ed81) Importer(815301076,1909f56bfc062723c751e8b465ee728b)
Start importing Assets/BayatGames/Free Platform Game Assets/Enemies/Enemies/png/512x512/Mac 512.png using Guid(a79dbc4d254271a47bc835354666ed81) Importer(815301076,1909f56bfc062723c751e8b465ee728b)  -> (artifact id: 'c2ea9d7bfd5a3c7c340f587bd6b0d985') in 0.023047 seconds 
  Import took 0.026983 seconds .

========================================================================
Received Import Request.
  Time since last request: 0.000158 seconds.
  path: Assets/BayatGames/Free Platform Game Assets/Enemies/Enemies/png/512x512/Pupil 512.png
  artifactKey: Guid(34a3d5607a0ccfc4f9384976166ab7b4) Importer(815301076,1909f56bfc062723c751e8b465ee728b)
Start importing Assets/BayatGames/Free Platform Game Assets/Enemies/Enemies/png/512x512/Pupil 512.png using Guid(34a3d5607a0ccfc4f9384976166ab7b4) Importer(815301076,1909f56bfc062723c751e8b465ee728b)  -> (artifact id: 'a4fdc6a7e11138a451e8af7ab3c8c34b') in 0.010818 seconds 
  Import took 0.013686 seconds .

========================================================================
Received Import Request.
  Time since last request: 0.000157 seconds.
  path: Assets/BayatGames/Free Platform Game Assets/Enemies/Enemies/png/512x512/Saw.png
  artifactKey: Guid(68a3834f2b1dd354787570e78cf15747) Importer(815301076,1909f56bfc062723c751e8b465ee728b)
Start importing Assets/BayatGames/Free Platform Game Assets/Enemies/Enemies/png/512x512/Saw.png using Guid(68a3834f2b1dd354787570e78cf15747) Importer(815301076,1909f56bfc062723c751e8b465ee728b)  -> (artifact id: '58aff73f244992ea5ca358b2771f72f6') in 0.020173 seconds 
  Import took 0.023955 seconds .

========================================================================
Received Import Request.
  Time since last request: 0.000218 seconds.
  path: Assets/BayatGames/Free Platform Game Assets/Enemies/Enemies/png/512x512/Mace.png
  artifactKey: Guid(b6dc8ab32ae6f2c4f849402eb362be5e) Importer(815301076,1909f56bfc062723c751e8b465ee728b)
Start importing Assets/BayatGames/Free Platform Game Assets/Enemies/Enemies/png/512x512/Mace.png using Guid(b6dc8ab32ae6f2c4f849402eb362be5e) Importer(815301076,1909f56bfc062723c751e8b465ee728b)  -> (artifact id: '70ff6de350795ad92b3037a022a12a4f') in 0.017426 seconds 
  Import took 0.020983 seconds .

========================================================================
Received Import Request.
  Time since last request: 0.005603 seconds.
  path: Assets/BayatGames/Free Platform Game Assets/Enemies/Enemies/png/512x512/Mace.png
  artifactKey: Guid(b6dc8ab32ae6f2c4f849402eb362be5e) Importer(815301076,1909f56bfc062723c751e8b465ee728b)
Start importing Assets/BayatGames/Free Platform Game Assets/Enemies/Enemies/png/512x512/Mace.png using Guid(b6dc8ab32ae6f2c4f849402eb362be5e) Importer(815301076,1909f56bfc062723c751e8b465ee728b)  -> (artifact id: '70ff6de350795ad92b3037a022a12a4f') in 0.013284 seconds 
  Import took 0.017073 seconds .

========================================================================
Received Import Request.
  Time since last request: 6.260507 seconds.
  path: Assets/BayatGames/Free Platform Game Assets/Enemies/New Enemy ( Update 1.9 )/2x/Chain-1.png
  artifactKey: Guid(5d7a1774f79833a40843a636e4578560) Importer(815301076,1909f56bfc062723c751e8b465ee728b)
Start importing Assets/BayatGames/Free Platform Game Assets/Enemies/New Enemy ( Update 1.9 )/2x/Chain-1.png using Guid(5d7a1774f79833a40843a636e4578560) Importer(815301076,1909f56bfc062723c751e8b465ee728b)  -> (artifact id: '5235026ce58a072291b15a1ce7f20187') in 0.010743 seconds 
  Import took 0.015004 seconds .

========================================================================
Received Import Request.
  Time since last request: 0.000168 seconds.
  path: Assets/BayatGames/Free Platform Game Assets/Enemies/New Enemy ( Update 1.9 )/2x/Circle.png
  artifactKey: Guid(2acb556981f73e14680b42ae742f93cf) Importer(815301076,1909f56bfc062723c751e8b465ee728b)
Start importing Assets/BayatGames/Free Platform Game Assets/Enemies/New Enemy ( Update 1.9 )/2x/Circle.png using Guid(2acb556981f73e14680b42ae742f93cf) Importer(815301076,1909f56bfc062723c751e8b465ee728b)  -> (artifact id: 'c7e6a731737cf883b4f66d516a3fc1e6') in 0.017108 seconds 
  Import took 0.021083 seconds .

========================================================================
Received Import Request.
  Time since last request: 0.000169 seconds.
  path: Assets/BayatGames/Free Platform Game Assets/Enemies/New Enemy ( Update 1.9 )/2x/Mace-Chain.png
  artifactKey: Guid(5018d4b1c155af94091f393aa67a44f7) Importer(815301076,1909f56bfc062723c751e8b465ee728b)
Start importing Assets/BayatGames/Free Platform Game Assets/Enemies/New Enemy ( Update 1.9 )/2x/Mace-Chain.png using Guid(5018d4b1c155af94091f393aa67a44f7) Importer(815301076,1909f56bfc062723c751e8b465ee728b)  -> (artifact id: 'f0cf708d8918923bb4c717510aa97404') in 0.016134 seconds 
  Import took 0.019363 seconds .

========================================================================
Received Import Request.
  Time since last request: 0.000259 seconds.
  path: Assets/BayatGames/Free Platform Game Assets/Enemies/New Enemy ( Update 1.9 )/2x/Mace.png
  artifactKey: Guid(2f893162463a6d84d998562113f9c138) Importer(815301076,1909f56bfc062723c751e8b465ee728b)
Start importing Assets/BayatGames/Free Platform Game Assets/Enemies/New Enemy ( Update 1.9 )/2x/Mace.png using Guid(2f893162463a6d84d998562113f9c138) Importer(815301076,1909f56bfc062723c751e8b465ee728b)  -> (artifact id: 'a3a394a39aa57728ae8a30dc781932fe') in 0.015541 seconds 
  Import took 0.019334 seconds .

========================================================================
Received Import Request.
  Time since last request: 0.000176 seconds.
  path: Assets/BayatGames/Free Platform Game Assets/Enemies/New Enemy ( Update 1.9 )/2x/Chain-2.png
  artifactKey: Guid(7015a74864f2f2347ba7b26e57402c51) Importer(815301076,1909f56bfc062723c751e8b465ee728b)
Start importing Assets/BayatGames/Free Platform Game Assets/Enemies/New Enemy ( Update 1.9 )/2x/Chain-2.png using Guid(7015a74864f2f2347ba7b26e57402c51) Importer(815301076,1909f56bfc062723c751e8b465ee728b)  -> (artifact id: '9be63b474678881c62440cb504a09696') in 0.018254 seconds 
  Import took 0.022090 seconds .

========================================================================
Received Import Request.
  Time since last request: 0.000229 seconds.
  path: Assets/BayatGames/Free Platform Game Assets/Enemies/New Enemy ( Update 1.9 )/2x/Square.png
  artifactKey: Guid(d5f2b47dad372334294dd5893b5e4ab1) Importer(815301076,1909f56bfc062723c751e8b465ee728b)
Start importing Assets/BayatGames/Free Platform Game Assets/Enemies/New Enemy ( Update 1.9 )/2x/Square.png using Guid(d5f2b47dad372334294dd5893b5e4ab1) Importer(815301076,1909f56bfc062723c751e8b465ee728b)  -> (artifact id: '32de2b86bd1fd97d1ee736bb9d240618') in 0.015779 seconds 
  Import took 0.018918 seconds .

========================================================================
Received Import Request.
  Time since last request: 0.000192 seconds.
  path: Assets/BayatGames/Free Platform Game Assets/Enemies/New Enemy ( Update 1.9 )/2x/Chain-3.png
  artifactKey: Guid(fd99831ddb26a1844a2588a3b03a9152) Importer(815301076,1909f56bfc062723c751e8b465ee728b)
Start importing Assets/BayatGames/Free Platform Game Assets/Enemies/New Enemy ( Update 1.9 )/2x/Chain-3.png using Guid(fd99831ddb26a1844a2588a3b03a9152) Importer(815301076,1909f56bfc062723c751e8b465ee728b)  -> (artifact id: '7689bce4c3f9b72050c4a89cfd871a1b') in 0.011719 seconds 
  Import took 0.016013 seconds .

========================================================================
Received Import Request.
  Time since last request: 80.777655 seconds.
  path: Assets/Sunnyland/artwork/Sprites/Enemies/frog/idle/frog-idle-1.png
  artifactKey: Guid(86ca59b9bca0e409b9ba2784fbe69f01) Importer(815301076,1909f56bfc062723c751e8b465ee728b)
Start importing Assets/Sunnyland/artwork/Sprites/Enemies/frog/idle/frog-idle-1.png using Guid(86ca59b9bca0e409b9ba2784fbe69f01) Importer(815301076,1909f56bfc062723c751e8b465ee728b)  -> (artifact id: '7559d65035109c8f1296e13dac866635') in 0.009724 seconds 
  Import took 0.013472 seconds .

========================================================================
Received Import Request.
  Time since last request: 0.000231 seconds.
  path: Assets/Sunnyland/artwork/Sprites/Enemies/frog/idle/frog-idle-3.png
  artifactKey: Guid(662ace939438646e7a4067a89ec54b9e) Importer(815301076,1909f56bfc062723c751e8b465ee728b)
Start importing Assets/Sunnyland/artwork/Sprites/Enemies/frog/idle/frog-idle-3.png using Guid(662ace939438646e7a4067a89ec54b9e) Importer(815301076,1909f56bfc062723c751e8b465ee728b)  -> (artifact id: '5df7abfdf9f32925f3f94028c515e076') in 0.016883 seconds 
  Import took 0.020229 seconds .

========================================================================
Received Import Request.
  Time since last request: 0.000239 seconds.
  path: Assets/Sunnyland/artwork/Sprites/Enemies/frog/idle/frog-idle-4.png
  artifactKey: Guid(b0305a6bb0adb4f66b864290967ea22b) Importer(815301076,1909f56bfc062723c751e8b465ee728b)
Start importing Assets/Sunnyland/artwork/Sprites/Enemies/frog/idle/frog-idle-4.png using Guid(b0305a6bb0adb4f66b864290967ea22b) Importer(815301076,1909f56bfc062723c751e8b465ee728b)  -> (artifact id: '714355316504da894d9baa9a52ad28e7') in 0.018054 seconds 
  Import took 0.021481 seconds .

========================================================================
Received Import Request.
  Time since last request: 0.000227 seconds.
  path: Assets/Sunnyland/artwork/Sprites/Enemies/frog/idle/frog-idle-2.png
  artifactKey: Guid(116ac2caa16ad4f73af4539f8b07d019) Importer(815301076,1909f56bfc062723c751e8b465ee728b)
Start importing Assets/Sunnyland/artwork/Sprites/Enemies/frog/idle/frog-idle-2.png using Guid(116ac2caa16ad4f73af4539f8b07d019) Importer(815301076,1909f56bfc062723c751e8b465ee728b)  -> (artifact id: '53f73270d0b1d4c960e550cb0825b487') in 0.013431 seconds 
  Import took 0.016813 seconds .

========================================================================
Received Import Request.
  Time since last request: 0.001088 seconds.
  path: Assets/Sunnyland/artwork/Sprites/Enemies/frog/idle/frog-idle-2.png
  artifactKey: Guid(116ac2caa16ad4f73af4539f8b07d019) Importer(815301076,1909f56bfc062723c751e8b465ee728b)
Start importing Assets/Sunnyland/artwork/Sprites/Enemies/frog/idle/frog-idle-2.png using Guid(116ac2caa16ad4f73af4539f8b07d019) Importer(815301076,1909f56bfc062723c751e8b465ee728b)  -> (artifact id: '53f73270d0b1d4c960e550cb0825b487') in 0.016922 seconds 
  Import took 0.020202 seconds .

========================================================================
Received Import Request.
  Time since last request: 0.465733 seconds.
  path: Assets/Sunnyland/artwork/Sprites/Enemies/frog/jump/frog-jump-1.png
  artifactKey: Guid(54bcabc188c6640f1a298f013d4716df) Importer(815301076,1909f56bfc062723c751e8b465ee728b)
Start importing Assets/Sunnyland/artwork/Sprites/Enemies/frog/jump/frog-jump-1.png using Guid(54bcabc188c6640f1a298f013d4716df) Importer(815301076,1909f56bfc062723c751e8b465ee728b)  -> (artifact id: 'c1107f581cb2ec2e9b3f2973b7f15d38') in 0.009334 seconds 
  Import took 0.012554 seconds .

========================================================================
Received Import Request.
  Time since last request: 0.000331 seconds.
  path: Assets/Sunnyland/artwork/Sprites/Enemies/frog/jump/frog-jump-2.png
  artifactKey: Guid(54925aea4bcc94726afa87df59ae72f7) Importer(815301076,1909f56bfc062723c751e8b465ee728b)
Start importing Assets/Sunnyland/artwork/Sprites/Enemies/frog/jump/frog-jump-2.png using Guid(54925aea4bcc94726afa87df59ae72f7) Importer(815301076,1909f56bfc062723c751e8b465ee728b)  -> (artifact id: '376860afa407dc43d6c4daf3fa0cc063') in 0.013860 seconds 
  Import took 0.017550 seconds .

========================================================================
Received Prepare
Registering precompiled user dll's ...
Registered in 0.009431 seconds.
Begin MonoManager ReloadAssembly
Native extension for WindowsStandalone target not found
Refreshing native plugins compatible for Editor in 0.57 ms, found 3 plugins.
Preloading 0 native plugins for Editor in 0.00 ms.
Mono: successfully reloaded assembly
- Completed reload, in  1.056 seconds
Platform modules already initialized, skipping
Refreshing native plugins compatible for Editor in 0.55 ms, found 3 plugins.
Preloading 0 native plugins for Editor in 0.00 ms.
Unloading 2076 Unused Serialized files (Serialized files now loaded: 0)
System memory in use before: 95.9 MB.
System memory in use after: 95.9 MB.

Unloading 21 unused Assets to reduce memory usage. Loaded Objects now: 2576.
Total: 2.228900 ms (FindLiveObjects: 0.216200 ms CreateObjectMapping: 0.112500 ms MarkObjects: 1.811800 ms  DeleteObjects: 0.087600 ms)

AssetImportParameters requested are different than current active one (requested -> active):
  custom:framework-win-MediaFoundation: 216162199b28c13a410421893ffa2e32 -> 
  custom:video-decoder-ogg-theora: a1e56fd34408186e4bbccfd4996cb3dc -> 
  custom:container-muxer-webm: aa71ff27fc2769a1b78a27578f13a17b -> 
  custom:container-demuxer-webm: 4f35f7cbe854078d1ac9338744f61a02 -> 
  custom:container-demuxer-ogg: 62fdf1f143b41e24485cea50d1cbac27 -> 
  custom:video-encoder-webm-vp8: eb34c28f22e8b96e1ab97ce403110664 -> 
  custom:video-codec-MediaFoundation-h265: 746d11721c4dcdbdad8f713fa42b33f4 -> 
  custom:video-decoder-webm-vp8: 9c59270c3fd7afecdb556c50c9e8de78 -> 
  custom:audio-decoder-ogg-vorbis: bf7c407c2cedff20999df2af8eb42d56 -> 
  custom:audio-encoder-webm-vorbis: bf7c407c2cedff20999df2af8eb42d56 -> 
========================================================================
Received Prepare
Registering precompiled user dll's ...
Registered in 0.006847 seconds.
Begin MonoManager ReloadAssembly
Native extension for WindowsStandalone target not found
Refreshing native plugins compatible for Editor in 0.74 ms, found 3 plugins.
Preloading 0 native plugins for Editor in 0.00 ms.
Mono: successfully reloaded assembly
- Completed reload, in  0.991 seconds
Platform modules already initialized, skipping
Refreshing native plugins compatible for Editor in 0.52 ms, found 3 plugins.
Preloading 0 native plugins for Editor in 0.00 ms.
Unloading 2076 Unused Serialized files (Serialized files now loaded: 0)
System memory in use before: 95.9 MB.
System memory in use after: 95.9 MB.

Unloading 21 unused Assets to reduce memory usage. Loaded Objects now: 2580.
Total: 2.107100 ms (FindLiveObjects: 0.184000 ms CreateObjectMapping: 0.081600 ms MarkObjects: 1.708300 ms  DeleteObjects: 0.132500 ms)

AssetImportParameters requested are different than current active one (requested -> active):
  custom:framework-win-MediaFoundation: 216162199b28c13a410421893ffa2e32 -> 
  custom:video-decoder-ogg-theora: a1e56fd34408186e4bbccfd4996cb3dc -> 
  custom:container-muxer-webm: aa71ff27fc2769a1b78a27578f13a17b -> 
  custom:container-demuxer-webm: 4f35f7cbe854078d1ac9338744f61a02 -> 
  custom:container-demuxer-ogg: 62fdf1f143b41e24485cea50d1cbac27 -> 
  custom:video-encoder-webm-vp8: eb34c28f22e8b96e1ab97ce403110664 -> 
  custom:video-codec-MediaFoundation-h265: 746d11721c4dcdbdad8f713fa42b33f4 -> 
  custom:video-decoder-webm-vp8: 9c59270c3fd7afecdb556c50c9e8de78 -> 
  custom:audio-decoder-ogg-vorbis: bf7c407c2cedff20999df2af8eb42d56 -> 
  custom:audio-encoder-webm-vorbis: bf7c407c2cedff20999df2af8eb42d56 -> 
========================================================================
Received Prepare
Registering precompiled user dll's ...
Registered in 0.004767 seconds.
Begin MonoManager ReloadAssembly
Native extension for WindowsStandalone target not found
Refreshing native plugins compatible for Editor in 0.57 ms, found 3 plugins.
Preloading 0 native plugins for Editor in 0.00 ms.
Mono: successfully reloaded assembly
- Completed reload, in  1.109 seconds
Platform modules already initialized, skipping
Refreshing native plugins compatible for Editor in 0.63 ms, found 3 plugins.
Preloading 0 native plugins for Editor in 0.00 ms.
Unloading 2076 Unused Serialized files (Serialized files now loaded: 0)
System memory in use before: 96.0 MB.
System memory in use after: 95.9 MB.

Unloading 21 unused Assets to reduce memory usage. Loaded Objects now: 2584.
Total: 3.210100 ms (FindLiveObjects: 0.378200 ms CreateObjectMapping: 0.172100 ms MarkObjects: 2.507100 ms  DeleteObjects: 0.151300 ms)

AssetImportParameters requested are different than current active one (requested -> active):
  custom:framework-win-MediaFoundation: 216162199b28c13a410421893ffa2e32 -> 
  custom:video-decoder-ogg-theora: a1e56fd34408186e4bbccfd4996cb3dc -> 
  custom:container-muxer-webm: aa71ff27fc2769a1b78a27578f13a17b -> 
  custom:container-demuxer-webm: 4f35f7cbe854078d1ac9338744f61a02 -> 
  custom:container-demuxer-ogg: 62fdf1f143b41e24485cea50d1cbac27 -> 
  custom:video-encoder-webm-vp8: eb34c28f22e8b96e1ab97ce403110664 -> 
  custom:video-codec-MediaFoundation-h265: 746d11721c4dcdbdad8f713fa42b33f4 -> 
  custom:video-decoder-webm-vp8: 9c59270c3fd7afecdb556c50c9e8de78 -> 
  custom:audio-decoder-ogg-vorbis: bf7c407c2cedff20999df2af8eb42d56 -> 
  custom:audio-encoder-webm-vorbis: bf7c407c2cedff20999df2af8eb42d56 -> 
========================================================================
Received Prepare
Registering precompiled user dll's ...
Registered in 0.007404 seconds.
Begin MonoManager ReloadAssembly
Native extension for WindowsStandalone target not found
Refreshing native plugins compatible for Editor in 1.25 ms, found 3 plugins.
Preloading 0 native plugins for Editor in 0.00 ms.
Mono: successfully reloaded assembly
- Completed reload, in  1.020 seconds
Platform modules already initialized, skipping
Refreshing native plugins compatible for Editor in 0.58 ms, found 3 plugins.
Preloading 0 native plugins for Editor in 0.00 ms.
Unloading 2076 Unused Serialized files (Serialized files now loaded: 0)
System memory in use before: 96.0 MB.
System memory in use after: 96.0 MB.

Unloading 21 unused Assets to reduce memory usage. Loaded Objects now: 2588.
Total: 2.453700 ms (FindLiveObjects: 0.213400 ms CreateObjectMapping: 0.093900 ms MarkObjects: 2.024600 ms  DeleteObjects: 0.120900 ms)

AssetImportParameters requested are different than current active one (requested -> active):
  custom:framework-win-MediaFoundation: 216162199b28c13a410421893ffa2e32 -> 
  custom:video-decoder-ogg-theora: a1e56fd34408186e4bbccfd4996cb3dc -> 
  custom:container-muxer-webm: aa71ff27fc2769a1b78a27578f13a17b -> 
  custom:container-demuxer-webm: 4f35f7cbe854078d1ac9338744f61a02 -> 
  custom:container-demuxer-ogg: 62fdf1f143b41e24485cea50d1cbac27 -> 
  custom:video-encoder-webm-vp8: eb34c28f22e8b96e1ab97ce403110664 -> 
  custom:video-codec-MediaFoundation-h265: 746d11721c4dcdbdad8f713fa42b33f4 -> 
  custom:video-decoder-webm-vp8: 9c59270c3fd7afecdb556c50c9e8de78 -> 
  custom:audio-decoder-ogg-vorbis: bf7c407c2cedff20999df2af8eb42d56 -> 
  custom:audio-encoder-webm-vorbis: bf7c407c2cedff20999df2af8eb42d56 -> 
========================================================================
Received Import Request.
  Time since last request: 415.093782 seconds.
  path: Assets/CharacterController2D.cs
  artifactKey: Guid(b812cfe50d4302a4cb4d0200191e2201) Importer(815301076,1909f56bfc062723c751e8b465ee728b)
Start importing Assets/CharacterController2D.cs using Guid(b812cfe50d4302a4cb4d0200191e2201) Importer(815301076,1909f56bfc062723c751e8b465ee728b)  -> (artifact id: '26dfd54dc395de2b0c32618efa7c8172') in 0.017730 seconds 
  Import took 0.021101 seconds .

========================================================================
Received Prepare
Registering precompiled user dll's ...
Registered in 0.005756 seconds.
Begin MonoManager ReloadAssembly
Native extension for WindowsStandalone target not found
Refreshing native plugins compatible for Editor in 0.64 ms, found 3 plugins.
Preloading 0 native plugins for Editor in 0.00 ms.
Mono: successfully reloaded assembly
- Completed reload, in  0.979 seconds
Platform modules already initialized, skipping
Refreshing native plugins compatible for Editor in 0.88 ms, found 3 plugins.
Preloading 0 native plugins for Editor in 0.00 ms.
Unloading 2076 Unused Serialized files (Serialized files now loaded: 0)
System memory in use before: 96.0 MB.
System memory in use after: 96.0 MB.

Unloading 21 unused Assets to reduce memory usage. Loaded Objects now: 2592.
Total: 2.208100 ms (FindLiveObjects: 0.199200 ms CreateObjectMapping: 0.086300 ms MarkObjects: 1.827000 ms  DeleteObjects: 0.094800 ms)

AssetImportParameters requested are different than current active one (requested -> active):
  custom:framework-win-MediaFoundation: 216162199b28c13a410421893ffa2e32 -> 
  custom:video-decoder-ogg-theora: a1e56fd34408186e4bbccfd4996cb3dc -> 
  custom:container-muxer-webm: aa71ff27fc2769a1b78a27578f13a17b -> 
  custom:container-demuxer-webm: 4f35f7cbe854078d1ac9338744f61a02 -> 
  custom:container-demuxer-ogg: 62fdf1f143b41e24485cea50d1cbac27 -> 
  custom:video-encoder-webm-vp8: eb34c28f22e8b96e1ab97ce403110664 -> 
  custom:video-codec-MediaFoundation-h265: 746d11721c4dcdbdad8f713fa42b33f4 -> 
  custom:video-decoder-webm-vp8: 9c59270c3fd7afecdb556c50c9e8de78 -> 
  custom:audio-decoder-ogg-vorbis: bf7c407c2cedff20999df2af8eb42d56 -> 
  custom:audio-encoder-webm-vorbis: bf7c407c2cedff20999df2af8eb42d56 -> 
AssetImportWorkerClient::OnTransportError - code=2 error=End of file
